<?xml version="1.0" encoding="UTF-8"?>
<!-- Generated by org.testng.reporters.JUnitReportReporter -->
<testsuite hostname="DESKTOP-K8H16AL" failures="0" tests="1" name="curahealth.DoLogin" time="7.389" errors="0" timestamp="2024-10-07T22:37:49 IST" skipped="0">
  <testcase classname="curahealth.DoLogin" name="ComplexLogin" time="7.389"/>
</testsuite> <!-- curahealth.DoLogin -->
