<?xml version="1.0" encoding="UTF-8"?>
<!-- Generated by org.testng.reporters.JUnitReportReporter -->
<testsuite hostname="DESKTOP-0EP6GTU" failures="0" tests="1" name="CSSSelectors" time="19.550" errors="0" timestamp="2024-09-25T14:43:14 IST" skipped="0">
  <testcase classname="CSSSelectors" name="HYRtutsclickallcheckpointsUsingCSS" time="19.550"/>
</testsuite> <!-- CSSSelectors -->
