<?xml version="1.0" encoding="UTF-8"?>
<!-- Generated by org.testng.reporters.JUnitReportReporter -->
<testsuite hostname="DESKTOP-0EP6GTU" failures="0" tests="1" name="FlipkartShopping" time="7.475" errors="0" timestamp="2024-10-04T14:46:52 IST" skipped="0">
  <testcase classname="FlipkartShopping" name="mousehoverxpath" time="7.475"/>
</testsuite> <!-- FlipkartShopping -->
