<?xml version="1.0" encoding="UTF-8"?>
<!-- Generated by org.testng.reporters.JUnitReportReporter -->
<testsuite hostname="DESKTOP-0EP6GTU" failures="0" tests="1" name="Shadowroot" time="7.721" errors="0" timestamp="2024-10-04T15:35:30 IST" skipped="0">
  <testcase classname="Shadowroot" name="BrowserShadowDomToClick" time="7.721"/>
</testsuite> <!-- Shadowroot -->
