<?xml version="1.0" encoding="UTF-8"?>
<!-- Generated by org.testng.reporters.JUnitReportReporter -->
<testsuite hostname="DESKTOP-0EP6GTU" failures="0" tests="1" name="FindXPaths" time="28.086" errors="0" timestamp="2024-09-24T18:27:10 IST" skipped="0">
  <testcase classname="FindXPaths" name="HYRtutsclickallcheckpoints" time="28.086"/>
</testsuite> <!-- FindXPaths -->
